<?xml version="1.0" encoding="UTF-8"?>
<coverage generated="1558183360257" clover="3.2.0">
  <project timestamp="1558183360257" name="All files">
    <metrics statements="42" coveredstatements="29" conditionals="16" coveredconditionals="7" methods="21" coveredmethods="7" elements="79" coveredelements="43" complexity="0" loc="42" ncloc="42" packages="3" files="4" classes="4"/>
    <package name="actions">
      <metrics statements="16" coveredstatements="7" conditionals="0" coveredconditionals="0" methods="10" coveredmethods="1"/>
      <file name="filter.js" path="/Users/GQSM/Documents/Code/Filter-With-React/src/actions/filter.js">
        <metrics statements="16" coveredstatements="7" conditionals="0" coveredconditionals="0" methods="10" coveredmethods="1"/>
        <line num="1" count="1" type="stmt"/>
        <line num="3" count="1" type="stmt"/>
        <line num="10" count="1" type="stmt"/>
        <line num="12" count="1" type="stmt"/>
        <line num="19" count="1" type="stmt"/>
        <line num="20" count="0" type="stmt"/>
        <line num="22" count="0" type="stmt"/>
        <line num="24" count="0" type="stmt"/>
        <line num="28" count="1" type="stmt"/>
        <line num="29" count="0" type="stmt"/>
        <line num="30" count="0" type="stmt"/>
        <line num="36" count="1" type="stmt"/>
        <line num="37" count="0" type="stmt"/>
        <line num="38" count="0" type="stmt"/>
        <line num="40" count="0" type="stmt"/>
        <line num="43" count="0" type="stmt"/>
      </file>
    </package>
    <package name="component.Content.SearchComponent.AllDayOpenCheckbox">
      <metrics statements="9" coveredstatements="9" conditionals="0" coveredconditionals="0" methods="6" coveredmethods="5"/>
      <file name="AllDayOpenCheckBox.js" path="/Users/GQSM/Documents/Code/Filter-With-React/src/component/Content/SearchComponent/AllDayOpenCheckbox/AllDayOpenCheckBox.js">
        <metrics statements="9" coveredstatements="9" conditionals="0" coveredconditionals="0" methods="6" coveredmethods="5"/>
        <line num="6" count="1" type="stmt"/>
        <line num="7" count="2" type="stmt"/>
        <line num="8" count="2" type="stmt"/>
        <line num="15" count="1" type="stmt"/>
        <line num="23" count="1" type="stmt"/>
        <line num="28" count="1" type="stmt"/>
        <line num="33" count="2" type="stmt"/>
        <line num="37" count="1" type="stmt"/>
        <line num="38" count="1" type="stmt"/>
      </file>
      <file name="index.js" path="/Users/GQSM/Documents/Code/Filter-With-React/src/component/Content/SearchComponent/AllDayOpenCheckbox/index.js">
        <metrics statements="0" coveredstatements="0" conditionals="0" coveredconditionals="0" methods="0" coveredmethods="0"/>
      </file>
    </package>
    <package name="reducer">
      <metrics statements="17" coveredstatements="13" conditionals="16" coveredconditionals="7" methods="5" coveredmethods="1"/>
      <file name="filter.js" path="/Users/GQSM/Documents/Code/Filter-With-React/src/reducer/filter.js">
        <metrics statements="17" coveredstatements="13" conditionals="16" coveredconditionals="7" methods="5" coveredmethods="1"/>
        <line num="3" count="1" type="stmt"/>
        <line num="15" count="1" type="cond" truecount="1" falsecount="0"/>
        <line num="16" count="2" type="cond" truecount="2" falsecount="1"/>
        <line num="18" count="1" type="stmt"/>
        <line num="22" count="1" type="stmt"/>
        <line num="23" count="1" type="cond" truecount="1" falsecount="1"/>
        <line num="24" count="0" type="stmt"/>
        <line num="27" count="1" type="cond" truecount="1" falsecount="1"/>
        <line num="28" count="0" type="cond" truecount="0" falsecount="2"/>
        <line num="29" count="1" type="cond" truecount="1" falsecount="1"/>
        <line num="30" count="0" type="cond" truecount="0" falsecount="2"/>
        <line num="33" count="1" type="cond" truecount="1" falsecount="1"/>
        <line num="34" count="1" type="stmt"/>
        <line num="36" count="1" type="stmt"/>
        <line num="37" count="1" type="stmt"/>
        <line num="46" count="0" type="stmt"/>
        <line num="52" count="1" type="stmt"/>
      </file>
    </package>
  </project>
</coverage>
