{"/Users/GQSM/Documents/Code/Filter-With-React/src/actions/filter.js": {"path":"/Users/GQSM/Documents/Code/Filter-With-React/src/actions/filter.js","statementMap":{"0":{"start":{"line":1,"column":35},"end":{"line":1,"column":56}},"1":{"start":{"line":3,"column":33},"end":{"line":8,"column":2}},"2":{"start":{"line":3,"column":43},"end":{"line":8,"column":1}},"3":{"start":{"line":10,"column":26},"end":{"line":10,"column":38}},"4":{"start":{"line":12,"column":25},"end":{"line":17,"column":2}},"5":{"start":{"line":12,"column":44},"end":{"line":17,"column":1}},"6":{"start":{"line":19,"column":16},"end":{"line":26,"column":1}},"7":{"start":{"line":20,"column":2},"end":{"line":25,"column":6}},"8":{"start":{"line":22,"column":6},"end":{"line":22,"column":21}},"9":{"start":{"line":24,"column":6},"end":{"line":24,"column":12}},"10":{"start":{"line":28,"column":20},"end":{"line":34,"column":1}},"11":{"start":{"line":29,"column":2},"end":{"line":33,"column":4}},"12":{"start":{"line":30,"column":4},"end":{"line":32,"column":6}},"13":{"start":{"line":36,"column":25},"end":{"line":46,"column":1}},"14":{"start":{"line":37,"column":2},"end":{"line":45,"column":3}},"15":{"start":{"line":38,"column":4},"end":{"line":44,"column":8}},"16":{"start":{"line":40,"column":24},"end":{"line":42,"column":9}},"17":{"start":{"line":43,"column":8},"end":{"line":43,"column":44}}},"fnMap":{"0":{"name":"(anonymous_0)","decl":{"start":{"line":3,"column":33},"end":{"line":3,"column":34}},"loc":{"start":{"line":3,"column":43},"end":{"line":8,"column":1}},"line":3},"1":{"name":"(anonymous_1)","decl":{"start":{"line":12,"column":25},"end":{"line":12,"column":26}},"loc":{"start":{"line":12,"column":44},"end":{"line":17,"column":1}},"line":12},"2":{"name":"(anonymous_2)","decl":{"start":{"line":19,"column":16},"end":{"line":19,"column":17}},"loc":{"start":{"line":20,"column":2},"end":{"line":25,"column":6}},"line":20},"3":{"name":"(anonymous_3)","decl":{"start":{"line":21,"column":10},"end":{"line":21,"column":11}},"loc":{"start":{"line":22,"column":6},"end":{"line":22,"column":21}},"line":22},"4":{"name":"(anonymous_4)","decl":{"start":{"line":23,"column":12},"end":{"line":23,"column":13}},"loc":{"start":{"line":24,"column":6},"end":{"line":24,"column":12}},"line":24},"5":{"name":"(anonymous_5)","decl":{"start":{"line":28,"column":20},"end":{"line":28,"column":21}},"loc":{"start":{"line":29,"column":2},"end":{"line":33,"column":4}},"line":29},"6":{"name":"(anonymous_6)","decl":{"start":{"line":29,"column":14},"end":{"line":29,"column":15}},"loc":{"start":{"line":29,"column":27},"end":{"line":33,"column":3}},"line":29},"7":{"name":"(anonymous_7)","decl":{"start":{"line":36,"column":25},"end":{"line":36,"column":26}},"loc":{"start":{"line":37,"column":2},"end":{"line":45,"column":3}},"line":37},"8":{"name":"(anonymous_8)","decl":{"start":{"line":37,"column":2},"end":{"line":37,"column":3}},"loc":{"start":{"line":38,"column":4},"end":{"line":44,"column":8}},"line":38},"9":{"name":"(anonymous_9)","decl":{"start":{"line":39,"column":12},"end":{"line":39,"column":13}},"loc":{"start":{"line":39,"column":22},"end":{"line":44,"column":7}},"line":39}},"branchMap":{},"s":{"0":1,"1":1,"2":1,"3":1,"4":1,"5":0,"6":1,"7":0,"8":0,"9":0,"10":1,"11":0,"12":0,"13":1,"14":0,"15":0,"16":0,"17":0},"f":{"0":1,"1":0,"2":0,"3":0,"4":0,"5":0,"6":0,"7":0,"8":0,"9":0},"b":{},"_coverageSchema":"43e27e138ebf9cfc5966b082cf9a028302ed4184","hash":"24581e430a5c0e5a9c5e60e3c409453086d90239"}
,"/Users/GQSM/Documents/Code/Filter-With-React/src/component/Content/SearchComponent/AllDayOpenCheckbox/AllDayOpenCheckBox.js": {"path":"/Users/GQSM/Documents/Code/Filter-With-React/src/component/Content/SearchComponent/AllDayOpenCheckbox/AllDayOpenCheckBox.js","statementMap":{"0":{"start":{"line":6,"column":27},"end":{"line":21,"column":1}},"1":{"start":{"line":7,"column":26},"end":{"line":7,"column":31}},"2":{"start":{"line":8,"column":2},"end":{"line":20,"column":4}},"3":{"start":{"line":15,"column":10},"end":{"line":15,"column":63}},"4":{"start":{"line":23,"column":0},"end":{"line":26,"column":2}},"5":{"start":{"line":28,"column":0},"end":{"line":31,"column":2}},"6":{"start":{"line":33,"column":24},"end":{"line":35,"column":2}},"7":{"start":{"line":33,"column":34},"end":{"line":35,"column":1}},"8":{"start":{"line":37,"column":27},"end":{"line":39,"column":2}},"9":{"start":{"line":37,"column":40},"end":{"line":39,"column":1}},"10":{"start":{"line":38,"column":24},"end":{"line":38,"column":58}}},"fnMap":{"0":{"name":"(anonymous_0)","decl":{"start":{"line":6,"column":27},"end":{"line":6,"column":28}},"loc":{"start":{"line":6,"column":38},"end":{"line":21,"column":1}},"line":6},"1":{"name":"(anonymous_1)","decl":{"start":{"line":14,"column":18},"end":{"line":14,"column":19}},"loc":{"start":{"line":14,"column":25},"end":{"line":16,"column":9}},"line":14},"2":{"name":"(anonymous_2)","decl":{"start":{"line":30,"column":15},"end":{"line":30,"column":16}},"loc":{"start":{"line":30,"column":21},"end":{"line":30,"column":23}},"line":30},"3":{"name":"(anonymous_3)","decl":{"start":{"line":33,"column":24},"end":{"line":33,"column":25}},"loc":{"start":{"line":33,"column":34},"end":{"line":35,"column":1}},"line":33},"4":{"name":"(anonymous_4)","decl":{"start":{"line":37,"column":27},"end":{"line":37,"column":28}},"loc":{"start":{"line":37,"column":40},"end":{"line":39,"column":1}},"line":37},"5":{"name":"(anonymous_5)","decl":{"start":{"line":38,"column":15},"end":{"line":38,"column":16}},"loc":{"start":{"line":38,"column":24},"end":{"line":38,"column":58}},"line":38}},"branchMap":{},"s":{"0":1,"1":2,"2":2,"3":1,"4":1,"5":1,"6":1,"7":2,"8":1,"9":1,"10":1},"f":{"0":2,"1":1,"2":0,"3":2,"4":1,"5":1},"b":{},"_coverageSchema":"43e27e138ebf9cfc5966b082cf9a028302ed4184","hash":"fb9a85c6d0978e58f03765b83b13bfe054633c2a"}
,"/Users/GQSM/Documents/Code/Filter-With-React/src/component/Content/SearchComponent/AllDayOpenCheckbox/index.js": {"path":"/Users/GQSM/Documents/Code/Filter-With-React/src/component/Content/SearchComponent/AllDayOpenCheckbox/index.js","statementMap":{},"fnMap":{},"branchMap":{},"s":{},"f":{},"b":{},"_coverageSchema":"43e27e138ebf9cfc5966b082cf9a028302ed4184","hash":"0e024481eff366f9554e5287042243152f7bb944"}
,"/Users/GQSM/Documents/Code/Filter-With-React/src/reducer/filter.js": {"path":"/Users/GQSM/Documents/Code/Filter-With-React/src/reducer/filter.js","statementMap":{"0":{"start":{"line":3,"column":21},"end":{"line":13,"column":1}},"1":{"start":{"line":15,"column":16},"end":{"line":54,"column":1}},"2":{"start":{"line":16,"column":2},"end":{"line":53,"column":3}},"3":{"start":{"line":18,"column":23},"end":{"line":21,"column":7}},"4":{"start":{"line":22,"column":27},"end":{"line":22,"column":52}},"5":{"start":{"line":23,"column":6},"end":{"line":25,"column":7}},"6":{"start":{"line":24,"column":8},"end":{"line":24,"column":97}},"7":{"start":{"line":24,"column":55},"end":{"line":24,"column":95}},"8":{"start":{"line":27,"column":6},"end":{"line":31,"column":7}},"9":{"start":{"line":28,"column":8},"end":{"line":28,"column":109}},"10":{"start":{"line":28,"column":55},"end":{"line":28,"column":107}},"11":{"start":{"line":29,"column":13},"end":{"line":31,"column":7}},"12":{"start":{"line":30,"column":8},"end":{"line":30,"column":109}},"13":{"start":{"line":30,"column":55},"end":{"line":30,"column":107}},"14":{"start":{"line":33,"column":6},"end":{"line":35,"column":7}},"15":{"start":{"line":34,"column":8},"end":{"line":34,"column":82}},"16":{"start":{"line":34,"column":55},"end":{"line":34,"column":80}},"17":{"start":{"line":36,"column":6},"end":{"line":36,"column":23}},"18":{"start":{"line":37,"column":6},"end":{"line":43,"column":8}},"19":{"start":{"line":46,"column":6},"end":{"line":50,"column":8}},"20":{"start":{"line":52,"column":6},"end":{"line":52,"column":19}}},"fnMap":{"0":{"name":"(anonymous_0)","decl":{"start":{"line":15,"column":16},"end":{"line":15,"column":17}},"loc":{"start":{"line":15,"column":50},"end":{"line":54,"column":1}},"line":15},"1":{"name":"(anonymous_1)","decl":{"start":{"line":24,"column":47},"end":{"line":24,"column":48}},"loc":{"start":{"line":24,"column":55},"end":{"line":24,"column":95}},"line":24},"2":{"name":"(anonymous_2)","decl":{"start":{"line":28,"column":47},"end":{"line":28,"column":48}},"loc":{"start":{"line":28,"column":55},"end":{"line":28,"column":107}},"line":28},"3":{"name":"(anonymous_3)","decl":{"start":{"line":30,"column":47},"end":{"line":30,"column":48}},"loc":{"start":{"line":30,"column":55},"end":{"line":30,"column":107}},"line":30},"4":{"name":"(anonymous_4)","decl":{"start":{"line":34,"column":47},"end":{"line":34,"column":48}},"loc":{"start":{"line":34,"column":55},"end":{"line":34,"column":80}},"line":34}},"branchMap":{"0":{"loc":{"start":{"line":15,"column":17},"end":{"line":15,"column":37}},"type":"default-arg","locations":[{"start":{"line":15,"column":25},"end":{"line":15,"column":37}}],"line":15},"1":{"loc":{"start":{"line":16,"column":2},"end":{"line":53,"column":3}},"type":"switch","locations":[{"start":{"line":17,"column":4},"end":{"line":44,"column":5}},{"start":{"line":45,"column":4},"end":{"line":50,"column":8}},{"start":{"line":51,"column":4},"end":{"line":52,"column":19}}],"line":16},"2":{"loc":{"start":{"line":23,"column":6},"end":{"line":25,"column":7}},"type":"if","locations":[{"start":{"line":23,"column":6},"end":{"line":25,"column":7}},{"start":{"line":23,"column":6},"end":{"line":25,"column":7}}],"line":23},"3":{"loc":{"start":{"line":27,"column":6},"end":{"line":31,"column":7}},"type":"if","locations":[{"start":{"line":27,"column":6},"end":{"line":31,"column":7}},{"start":{"line":27,"column":6},"end":{"line":31,"column":7}}],"line":27},"4":{"loc":{"start":{"line":28,"column":55},"end":{"line":28,"column":107}},"type":"binary-expr","locations":[{"start":{"line":28,"column":55},"end":{"line":28,"column":81}},{"start":{"line":28,"column":85},"end":{"line":28,"column":107}}],"line":28},"5":{"loc":{"start":{"line":29,"column":13},"end":{"line":31,"column":7}},"type":"if","locations":[{"start":{"line":29,"column":13},"end":{"line":31,"column":7}},{"start":{"line":29,"column":13},"end":{"line":31,"column":7}}],"line":29},"6":{"loc":{"start":{"line":30,"column":55},"end":{"line":30,"column":107}},"type":"binary-expr","locations":[{"start":{"line":30,"column":55},"end":{"line":30,"column":81}},{"start":{"line":30,"column":85},"end":{"line":30,"column":107}}],"line":30},"7":{"loc":{"start":{"line":33,"column":6},"end":{"line":35,"column":7}},"type":"if","locations":[{"start":{"line":33,"column":6},"end":{"line":35,"column":7}},{"start":{"line":33,"column":6},"end":{"line":35,"column":7}}],"line":33}},"s":{"0":1,"1":1,"2":2,"3":1,"4":1,"5":1,"6":0,"7":0,"8":1,"9":0,"10":0,"11":1,"12":0,"13":0,"14":1,"15":1,"16":0,"17":1,"18":1,"19":0,"20":1},"f":{"0":2,"1":0,"2":0,"3":0,"4":0},"b":{"0":[1],"1":[1,0,1],"2":[0,1],"3":[0,1],"4":[0,0],"5":[0,1],"6":[0,0],"7":[1,0]},"_coverageSchema":"43e27e138ebf9cfc5966b082cf9a028302ed4184","hash":"65b9f5c3bb53a890d2f8f2309727467420d9660b"}
}
