TN:
SF:/Users/GQSM/Documents/Code/Filter-With-React/src/actions/filter.js
FN:3,(anonymous_0)
FN:12,(anonymous_1)
FN:19,(anonymous_2)
FN:21,(anonymous_3)
FN:23,(anonymous_4)
FN:28,(anonymous_5)
FN:29,(anonymous_6)
FN:36,(anonymous_7)
FN:37,(anonymous_8)
FN:39,(anonymous_9)
FNF:10
FNH:1
FNDA:1,(anonymous_0)
FNDA:0,(anonymous_1)
FNDA:0,(anonymous_2)
FNDA:0,(anonymous_3)
FNDA:0,(anonymous_4)
FNDA:0,(anonymous_5)
FNDA:0,(anonymous_6)
FNDA:0,(anonymous_7)
FNDA:0,(anonymous_8)
FNDA:0,(anonymous_9)
DA:1,1
DA:3,1
DA:10,1
DA:12,1
DA:19,1
DA:20,0
DA:22,0
DA:24,0
DA:28,1
DA:29,0
DA:30,0
DA:36,1
DA:37,0
DA:38,0
DA:40,0
DA:43,0
LF:16
LH:7
BRF:0
BRH:0
end_of_record
TN:
SF:/Users/GQSM/Documents/Code/Filter-With-React/src/component/Content/SearchComponent/AllDayOpenCheckbox/AllDayOpenCheckBox.js
FN:6,(anonymous_0)
FN:14,(anonymous_1)
FN:30,(anonymous_2)
FN:33,(anonymous_3)
FN:37,(anonymous_4)
FN:38,(anonymous_5)
FNF:6
FNH:5
FNDA:2,(anonymous_0)
FNDA:1,(anonymous_1)
FNDA:0,(anonymous_2)
FNDA:2,(anonymous_3)
FNDA:1,(anonymous_4)
FNDA:1,(anonymous_5)
DA:6,1
DA:7,2
DA:8,2
DA:15,1
DA:23,1
DA:28,1
DA:33,2
DA:37,1
DA:38,1
LF:9
LH:9
BRF:0
BRH:0
end_of_record
TN:
SF:/Users/GQSM/Documents/Code/Filter-With-React/src/component/Content/SearchComponent/AllDayOpenCheckbox/index.js
FNF:0
FNH:0
LF:0
LH:0
BRF:0
BRH:0
end_of_record
TN:
SF:/Users/GQSM/Documents/Code/Filter-With-React/src/reducer/filter.js
FN:15,(anonymous_0)
FN:24,(anonymous_1)
FN:28,(anonymous_2)
FN:30,(anonymous_3)
FN:34,(anonymous_4)
FNF:5
FNH:1
FNDA:2,(anonymous_0)
FNDA:0,(anonymous_1)
FNDA:0,(anonymous_2)
FNDA:0,(anonymous_3)
FNDA:0,(anonymous_4)
DA:3,1
DA:15,1
DA:16,2
DA:18,1
DA:22,1
DA:23,1
DA:24,0
DA:27,1
DA:28,0
DA:29,1
DA:30,0
DA:33,1
DA:34,1
DA:36,1
DA:37,1
DA:46,0
DA:52,1
LF:17
LH:13
BRDA:15,0,0,1
BRDA:16,1,0,1
BRDA:16,1,1,0
BRDA:16,1,2,1
BRDA:23,2,0,0
BRDA:23,2,1,1
BRDA:27,3,0,0
BRDA:27,3,1,1
BRDA:28,4,0,0
BRDA:28,4,1,0
BRDA:29,5,0,0
BRDA:29,5,1,1
BRDA:30,6,0,0
BRDA:30,6,1,0
BRDA:33,7,0,1
BRDA:33,7,1,0
BRF:16
BRH:7
end_of_record
